D:\ISEL\CG\Trabalho-CG\\Dependencies\lib\CGGL_Engine.lib
D:\ISEL\CG\TRABALHO-CG\CGGL\CGGL_ENGINE\DEBUG\APP.OBJ
D:\ISEL\CG\TRABALHO-CG\CGGL\CGGL_ENGINE\DEBUG\CAMERA.OBJ
D:\ISEL\CG\Trabalho-CG\CGGL\CGGL_Engine\Debug\cl.command.1.tlog
D:\ISEL\CG\Trabalho-CG\CGGL\CGGL_Engine\Debug\CL.read.1.tlog
D:\ISEL\CG\Trabalho-CG\CGGL\CGGL_Engine\Debug\CL.write.1.tlog
D:\ISEL\CG\TRABALHO-CG\CGGL\CGGL_ENGINE\DEBUG\FPSCOUNTER.OBJ
D:\ISEL\CG\TRABALHO-CG\CGGL\CGGL_ENGINE\DEBUG\GLM.OBJ
D:\ISEL\CG\TRABALHO-CG\CGGL\CGGL_ENGINE\DEBUG\GLTEXTURE.OBJ
D:\ISEL\CG\TRABALHO-CG\CGGL\CGGL_ENGINE\DEBUG\INPUT.OBJ
D:\ISEL\CG\Trabalho-CG\CGGL\CGGL_Engine\Debug\lib.command.1.tlog
D:\ISEL\CG\Trabalho-CG\CGGL\CGGL_Engine\Debug\Lib-link.read.1.tlog
D:\ISEL\CG\Trabalho-CG\CGGL\CGGL_Engine\Debug\Lib-link.write.1.tlog
D:\ISEL\CG\TRABALHO-CG\CGGL\CGGL_ENGINE\DEBUG\MATHUTILS.OBJ
D:\ISEL\CG\TRABALHO-CG\CGGL\CGGL_ENGINE\DEBUG\MODEL3DS.OBJ
D:\ISEL\CG\TRABALHO-CG\CGGL\CGGL_ENGINE\DEBUG\OBJECT.OBJ
D:\ISEL\CG\TRABALHO-CG\CGGL\CGGL_ENGINE\DEBUG\OBJMODEL.OBJ
D:\ISEL\CG\TRABALHO-CG\CGGL\CGGL_ENGINE\DEBUG\SKYBOX.OBJ
D:\ISEL\CG\TRABALHO-CG\CGGL\CGGL_ENGINE\DEBUG\TEXTURELOADER.OBJ
D:\ISEL\CG\TRABALHO-CG\CGGL\CGGL_ENGINE\DEBUG\TEXTWRITER.OBJ
D:\ISEL\CG\Trabalho-CG\CGGL\CGGL_Engine\Debug\vc100.idb
D:\ISEL\CG\TRABALHO-CG\CGGL\CGGL_ENGINE\DEBUG\VC100.PDB
