Build started 1/23/2012 6:57:24 PM.
     1>Project "D:\ISEL\CG\Trabalho-CG\CGGL\Jelly_v1\Jelly_v1.vcxproj" on node 3 (build target(s)).
     1>InitializeBuildStatus:
         Creating "Debug\Jelly_v1.unsuccessfulbuild" because "AlwaysCreate" was specified.
       ClCompile:
         All outputs are up-to-date.
       ManifestResourceCompile:
         All outputs are up-to-date.
       Link:
         All outputs are up-to-date.
       Manifest:
         All outputs are up-to-date.
       PostBuildEvent:
         copy "D:\ISEL\CG\Trabalho-CG\dependencies\bin\*.*" "D:\ISEL\CG\Trabalho-CG\Debug\"
         :VCEnd
         D:\ISEL\CG\Trabalho-CG\dependencies\bin\glew32.dll
         D:\ISEL\CG\Trabalho-CG\dependencies\bin\glut32.dll
                 2 ficheiro(s) copiado(s).
       FinalizeBuildStatus:
         Deleting file "Debug\Jelly_v1.unsuccessfulbuild".
         Touching "Debug\Jelly_v1.lastbuildstate".
     1>Done Building Project "D:\ISEL\CG\Trabalho-CG\CGGL\Jelly_v1\Jelly_v1.vcxproj" (build target(s)).

Build succeeded.

Time Elapsed 00:00:00.34
