C:\ISEL\11_12SINV\CG\GITCG\CG-1112I-LI31DN-LI51DN\OPENGL\DEMOS\CGGL\JELLY_V1\DEBUG\BALL.OBJ
C:\ISEL\11_12SInv\CG\gitCG\CG-1112i-LI31DN-LI51DN\OpenGL\Demos\CGGL\Jelly_v1\Debug\cl.command.1.tlog
C:\ISEL\11_12SInv\CG\gitCG\CG-1112i-LI31DN-LI51DN\OpenGL\Demos\CGGL\Jelly_v1\Debug\CL.read.1.tlog
C:\ISEL\11_12SInv\CG\gitCG\CG-1112i-LI31DN-LI51DN\OpenGL\Demos\CGGL\Jelly_v1\Debug\CL.write.1.tlog
C:\ISEL\11_12SINV\CG\GITCG\CG-1112I-LI31DN-LI51DN\OPENGL\DEMOS\CGGL\JELLY_V1\DEBUG\JELLY.OBJ
C:\ISEL\11_12SINV\CG\GITCG\CG-1112I-LI31DN-LI51DN\OPENGL\DEMOS\CGGL\JELLY_V1\DEBUG\JELLY_V1.EXE.EMBED.MANIFEST
C:\ISEL\11_12SINV\CG\GITCG\CG-1112I-LI31DN-LI51DN\OPENGL\DEMOS\CGGL\JELLY_V1\DEBUG\JELLY_V1.EXE.EMBED.MANIFEST.RES
C:\ISEL\11_12SINV\CG\GITCG\CG-1112I-LI31DN-LI51DN\OPENGL\DEMOS\CGGL\JELLY_V1\DEBUG\JELLY_V1.EXE.INTERMEDIATE.MANIFEST
C:\ISEL\11_12SInv\CG\gitCG\CG-1112i-LI31DN-LI51DN\OpenGL\Demos\CGGL\Jelly_v1\Debug\Jelly_v1.write.1.tlog
C:\ISEL\11_12SInv\CG\gitCG\CG-1112i-LI31DN-LI51DN\OpenGL\Demos\CGGL\Jelly_v1\Debug\Jelly_v1_manifest.rc
C:\ISEL\11_12SINV\CG\GITCG\CG-1112I-LI31DN-LI51DN\OPENGL\DEMOS\CGGL\JELLY_V1\DEBUG\JELLYAPP.OBJ
C:\ISEL\11_12SInv\CG\gitCG\CG-1112i-LI31DN-LI51DN\OpenGL\Demos\CGGL\Jelly_v1\Debug\link.10888.read.1.tlog
C:\ISEL\11_12SInv\CG\gitCG\CG-1112i-LI31DN-LI51DN\OpenGL\Demos\CGGL\Jelly_v1\Debug\link.10888.write.1.tlog
C:\ISEL\11_12SInv\CG\gitCG\CG-1112i-LI31DN-LI51DN\OpenGL\Demos\CGGL\Jelly_v1\Debug\link.10888-cvtres.read.1.tlog
C:\ISEL\11_12SInv\CG\gitCG\CG-1112i-LI31DN-LI51DN\OpenGL\Demos\CGGL\Jelly_v1\Debug\link.10888-cvtres.write.1.tlog
C:\ISEL\11_12SInv\CG\gitCG\CG-1112i-LI31DN-LI51DN\OpenGL\Demos\CGGL\Jelly_v1\Debug\link.1104.read.1.tlog
C:\ISEL\11_12SInv\CG\gitCG\CG-1112i-LI31DN-LI51DN\OpenGL\Demos\CGGL\Jelly_v1\Debug\link.1104.write.1.tlog
C:\ISEL\11_12SInv\CG\gitCG\CG-1112i-LI31DN-LI51DN\OpenGL\Demos\CGGL\Jelly_v1\Debug\link.1104-cvtres.read.1.tlog
C:\ISEL\11_12SInv\CG\gitCG\CG-1112i-LI31DN-LI51DN\OpenGL\Demos\CGGL\Jelly_v1\Debug\link.1104-cvtres.write.1.tlog
C:\ISEL\11_12SInv\CG\gitCG\CG-1112i-LI31DN-LI51DN\OpenGL\Demos\CGGL\Jelly_v1\Debug\link.11060.read.1.tlog
C:\ISEL\11_12SInv\CG\gitCG\CG-1112i-LI31DN-LI51DN\OpenGL\Demos\CGGL\Jelly_v1\Debug\link.11060.write.1.tlog
C:\ISEL\11_12SInv\CG\gitCG\CG-1112i-LI31DN-LI51DN\OpenGL\Demos\CGGL\Jelly_v1\Debug\link.11060-cvtres.read.1.tlog
C:\ISEL\11_12SInv\CG\gitCG\CG-1112i-LI31DN-LI51DN\OpenGL\Demos\CGGL\Jelly_v1\Debug\link.11060-cvtres.write.1.tlog
C:\ISEL\11_12SInv\CG\gitCG\CG-1112i-LI31DN-LI51DN\OpenGL\Demos\CGGL\Jelly_v1\Debug\link.11604.read.1.tlog
C:\ISEL\11_12SInv\CG\gitCG\CG-1112i-LI31DN-LI51DN\OpenGL\Demos\CGGL\Jelly_v1\Debug\link.11604.write.1.tlog
C:\ISEL\11_12SInv\CG\gitCG\CG-1112i-LI31DN-LI51DN\OpenGL\Demos\CGGL\Jelly_v1\Debug\link.11604-cvtres.read.1.tlog
C:\ISEL\11_12SInv\CG\gitCG\CG-1112i-LI31DN-LI51DN\OpenGL\Demos\CGGL\Jelly_v1\Debug\link.11604-cvtres.write.1.tlog
C:\ISEL\11_12SInv\CG\gitCG\CG-1112i-LI31DN-LI51DN\OpenGL\Demos\CGGL\Jelly_v1\Debug\link.11700.read.1.tlog
C:\ISEL\11_12SInv\CG\gitCG\CG-1112i-LI31DN-LI51DN\OpenGL\Demos\CGGL\Jelly_v1\Debug\link.11700.write.1.tlog
C:\ISEL\11_12SInv\CG\gitCG\CG-1112i-LI31DN-LI51DN\OpenGL\Demos\CGGL\Jelly_v1\Debug\link.11700-cvtres.read.1.tlog
C:\ISEL\11_12SInv\CG\gitCG\CG-1112i-LI31DN-LI51DN\OpenGL\Demos\CGGL\Jelly_v1\Debug\link.11700-cvtres.write.1.tlog
C:\ISEL\11_12SInv\CG\gitCG\CG-1112i-LI31DN-LI51DN\OpenGL\Demos\CGGL\Jelly_v1\Debug\link.11952.read.1.tlog
C:\ISEL\11_12SInv\CG\gitCG\CG-1112i-LI31DN-LI51DN\OpenGL\Demos\CGGL\Jelly_v1\Debug\link.11952.write.1.tlog
C:\ISEL\11_12SInv\CG\gitCG\CG-1112i-LI31DN-LI51DN\OpenGL\Demos\CGGL\Jelly_v1\Debug\link.11952-cvtres.read.1.tlog
C:\ISEL\11_12SInv\CG\gitCG\CG-1112i-LI31DN-LI51DN\OpenGL\Demos\CGGL\Jelly_v1\Debug\link.11952-cvtres.write.1.tlog
C:\ISEL\11_12SInv\CG\gitCG\CG-1112i-LI31DN-LI51DN\OpenGL\Demos\CGGL\Jelly_v1\Debug\link.12380.read.1.tlog
C:\ISEL\11_12SInv\CG\gitCG\CG-1112i-LI31DN-LI51DN\OpenGL\Demos\CGGL\Jelly_v1\Debug\link.12380.write.1.tlog
C:\ISEL\11_12SInv\CG\gitCG\CG-1112i-LI31DN-LI51DN\OpenGL\Demos\CGGL\Jelly_v1\Debug\link.12380-cvtres.read.1.tlog
C:\ISEL\11_12SInv\CG\gitCG\CG-1112i-LI31DN-LI51DN\OpenGL\Demos\CGGL\Jelly_v1\Debug\link.12380-cvtres.write.1.tlog
C:\ISEL\11_12SInv\CG\gitCG\CG-1112i-LI31DN-LI51DN\OpenGL\Demos\CGGL\Jelly_v1\Debug\link.12404.read.1.tlog
C:\ISEL\11_12SInv\CG\gitCG\CG-1112i-LI31DN-LI51DN\OpenGL\Demos\CGGL\Jelly_v1\Debug\link.12404.write.1.tlog
C:\ISEL\11_12SInv\CG\gitCG\CG-1112i-LI31DN-LI51DN\OpenGL\Demos\CGGL\Jelly_v1\Debug\link.12404-cvtres.read.1.tlog
C:\ISEL\11_12SInv\CG\gitCG\CG-1112i-LI31DN-LI51DN\OpenGL\Demos\CGGL\Jelly_v1\Debug\link.12404-cvtres.write.1.tlog
C:\ISEL\11_12SInv\CG\gitCG\CG-1112i-LI31DN-LI51DN\OpenGL\Demos\CGGL\Jelly_v1\Debug\link.12428.read.1.tlog
C:\ISEL\11_12SInv\CG\gitCG\CG-1112i-LI31DN-LI51DN\OpenGL\Demos\CGGL\Jelly_v1\Debug\link.12428.write.1.tlog
C:\ISEL\11_12SInv\CG\gitCG\CG-1112i-LI31DN-LI51DN\OpenGL\Demos\CGGL\Jelly_v1\Debug\link.12428-cvtres.read.1.tlog
C:\ISEL\11_12SInv\CG\gitCG\CG-1112i-LI31DN-LI51DN\OpenGL\Demos\CGGL\Jelly_v1\Debug\link.12428-cvtres.write.1.tlog
C:\ISEL\11_12SInv\CG\gitCG\CG-1112i-LI31DN-LI51DN\OpenGL\Demos\CGGL\Jelly_v1\Debug\link.12492.read.1.tlog
C:\ISEL\11_12SInv\CG\gitCG\CG-1112i-LI31DN-LI51DN\OpenGL\Demos\CGGL\Jelly_v1\Debug\link.12492.write.1.tlog
C:\ISEL\11_12SInv\CG\gitCG\CG-1112i-LI31DN-LI51DN\OpenGL\Demos\CGGL\Jelly_v1\Debug\link.12492-cvtres.read.1.tlog
C:\ISEL\11_12SInv\CG\gitCG\CG-1112i-LI31DN-LI51DN\OpenGL\Demos\CGGL\Jelly_v1\Debug\link.12492-cvtres.write.1.tlog
C:\ISEL\11_12SInv\CG\gitCG\CG-1112i-LI31DN-LI51DN\OpenGL\Demos\CGGL\Jelly_v1\Debug\link.12496.read.1.tlog
C:\ISEL\11_12SInv\CG\gitCG\CG-1112i-LI31DN-LI51DN\OpenGL\Demos\CGGL\Jelly_v1\Debug\link.12496.write.1.tlog
C:\ISEL\11_12SInv\CG\gitCG\CG-1112i-LI31DN-LI51DN\OpenGL\Demos\CGGL\Jelly_v1\Debug\link.12496-cvtres.read.1.tlog
C:\ISEL\11_12SInv\CG\gitCG\CG-1112i-LI31DN-LI51DN\OpenGL\Demos\CGGL\Jelly_v1\Debug\link.12496-cvtres.write.1.tlog
C:\ISEL\11_12SInv\CG\gitCG\CG-1112i-LI31DN-LI51DN\OpenGL\Demos\CGGL\Jelly_v1\Debug\link.12524.read.1.tlog
C:\ISEL\11_12SInv\CG\gitCG\CG-1112i-LI31DN-LI51DN\OpenGL\Demos\CGGL\Jelly_v1\Debug\link.12524.write.1.tlog
C:\ISEL\11_12SInv\CG\gitCG\CG-1112i-LI31DN-LI51DN\OpenGL\Demos\CGGL\Jelly_v1\Debug\link.12524-cvtres.read.1.tlog
C:\ISEL\11_12SInv\CG\gitCG\CG-1112i-LI31DN-LI51DN\OpenGL\Demos\CGGL\Jelly_v1\Debug\link.12524-cvtres.write.1.tlog
C:\ISEL\11_12SInv\CG\gitCG\CG-1112i-LI31DN-LI51DN\OpenGL\Demos\CGGL\Jelly_v1\Debug\link.12628.read.1.tlog
C:\ISEL\11_12SInv\CG\gitCG\CG-1112i-LI31DN-LI51DN\OpenGL\Demos\CGGL\Jelly_v1\Debug\link.12628.write.1.tlog
C:\ISEL\11_12SInv\CG\gitCG\CG-1112i-LI31DN-LI51DN\OpenGL\Demos\CGGL\Jelly_v1\Debug\link.12628-cvtres.read.1.tlog
C:\ISEL\11_12SInv\CG\gitCG\CG-1112i-LI31DN-LI51DN\OpenGL\Demos\CGGL\Jelly_v1\Debug\link.12628-cvtres.write.1.tlog
C:\ISEL\11_12SInv\CG\gitCG\CG-1112i-LI31DN-LI51DN\OpenGL\Demos\CGGL\Jelly_v1\Debug\link.1264.read.1.tlog
C:\ISEL\11_12SInv\CG\gitCG\CG-1112i-LI31DN-LI51DN\OpenGL\Demos\CGGL\Jelly_v1\Debug\link.1264.write.1.tlog
C:\ISEL\11_12SInv\CG\gitCG\CG-1112i-LI31DN-LI51DN\OpenGL\Demos\CGGL\Jelly_v1\Debug\link.1264-cvtres.read.1.tlog
C:\ISEL\11_12SInv\CG\gitCG\CG-1112i-LI31DN-LI51DN\OpenGL\Demos\CGGL\Jelly_v1\Debug\link.1264-cvtres.write.1.tlog
C:\ISEL\11_12SInv\CG\gitCG\CG-1112i-LI31DN-LI51DN\OpenGL\Demos\CGGL\Jelly_v1\Debug\link.12920.read.1.tlog
C:\ISEL\11_12SInv\CG\gitCG\CG-1112i-LI31DN-LI51DN\OpenGL\Demos\CGGL\Jelly_v1\Debug\link.12920.write.1.tlog
C:\ISEL\11_12SInv\CG\gitCG\CG-1112i-LI31DN-LI51DN\OpenGL\Demos\CGGL\Jelly_v1\Debug\link.12920-cvtres.read.1.tlog
C:\ISEL\11_12SInv\CG\gitCG\CG-1112i-LI31DN-LI51DN\OpenGL\Demos\CGGL\Jelly_v1\Debug\link.12920-cvtres.write.1.tlog
C:\ISEL\11_12SInv\CG\gitCG\CG-1112i-LI31DN-LI51DN\OpenGL\Demos\CGGL\Jelly_v1\Debug\link.13948.read.1.tlog
C:\ISEL\11_12SInv\CG\gitCG\CG-1112i-LI31DN-LI51DN\OpenGL\Demos\CGGL\Jelly_v1\Debug\link.13948.write.1.tlog
C:\ISEL\11_12SInv\CG\gitCG\CG-1112i-LI31DN-LI51DN\OpenGL\Demos\CGGL\Jelly_v1\Debug\link.13948-cvtres.read.1.tlog
C:\ISEL\11_12SInv\CG\gitCG\CG-1112i-LI31DN-LI51DN\OpenGL\Demos\CGGL\Jelly_v1\Debug\link.13948-cvtres.write.1.tlog
C:\ISEL\11_12SInv\CG\gitCG\CG-1112i-LI31DN-LI51DN\OpenGL\Demos\CGGL\Jelly_v1\Debug\link.2080.read.1.tlog
C:\ISEL\11_12SInv\CG\gitCG\CG-1112i-LI31DN-LI51DN\OpenGL\Demos\CGGL\Jelly_v1\Debug\link.2080.write.1.tlog
C:\ISEL\11_12SInv\CG\gitCG\CG-1112i-LI31DN-LI51DN\OpenGL\Demos\CGGL\Jelly_v1\Debug\link.2080-cvtres.read.1.tlog
C:\ISEL\11_12SInv\CG\gitCG\CG-1112i-LI31DN-LI51DN\OpenGL\Demos\CGGL\Jelly_v1\Debug\link.2080-cvtres.write.1.tlog
C:\ISEL\11_12SInv\CG\gitCG\CG-1112i-LI31DN-LI51DN\OpenGL\Demos\CGGL\Jelly_v1\Debug\link.2396.read.1.tlog
C:\ISEL\11_12SInv\CG\gitCG\CG-1112i-LI31DN-LI51DN\OpenGL\Demos\CGGL\Jelly_v1\Debug\link.2396.write.1.tlog
C:\ISEL\11_12SInv\CG\gitCG\CG-1112i-LI31DN-LI51DN\OpenGL\Demos\CGGL\Jelly_v1\Debug\link.2396-cvtres.read.1.tlog
C:\ISEL\11_12SInv\CG\gitCG\CG-1112i-LI31DN-LI51DN\OpenGL\Demos\CGGL\Jelly_v1\Debug\link.2396-cvtres.write.1.tlog
C:\ISEL\11_12SInv\CG\gitCG\CG-1112i-LI31DN-LI51DN\OpenGL\Demos\CGGL\Jelly_v1\Debug\link.2620.read.1.tlog
C:\ISEL\11_12SInv\CG\gitCG\CG-1112i-LI31DN-LI51DN\OpenGL\Demos\CGGL\Jelly_v1\Debug\link.2620.write.1.tlog
C:\ISEL\11_12SInv\CG\gitCG\CG-1112i-LI31DN-LI51DN\OpenGL\Demos\CGGL\Jelly_v1\Debug\link.2620-cvtres.read.1.tlog
C:\ISEL\11_12SInv\CG\gitCG\CG-1112i-LI31DN-LI51DN\OpenGL\Demos\CGGL\Jelly_v1\Debug\link.2620-cvtres.write.1.tlog
C:\ISEL\11_12SInv\CG\gitCG\CG-1112i-LI31DN-LI51DN\OpenGL\Demos\CGGL\Jelly_v1\Debug\link.2624.read.1.tlog
C:\ISEL\11_12SInv\CG\gitCG\CG-1112i-LI31DN-LI51DN\OpenGL\Demos\CGGL\Jelly_v1\Debug\link.2624.write.1.tlog
C:\ISEL\11_12SInv\CG\gitCG\CG-1112i-LI31DN-LI51DN\OpenGL\Demos\CGGL\Jelly_v1\Debug\link.2624-cvtres.read.1.tlog
C:\ISEL\11_12SInv\CG\gitCG\CG-1112i-LI31DN-LI51DN\OpenGL\Demos\CGGL\Jelly_v1\Debug\link.2624-cvtres.write.1.tlog
C:\ISEL\11_12SInv\CG\gitCG\CG-1112i-LI31DN-LI51DN\OpenGL\Demos\CGGL\Jelly_v1\Debug\link.2632.read.1.tlog
C:\ISEL\11_12SInv\CG\gitCG\CG-1112i-LI31DN-LI51DN\OpenGL\Demos\CGGL\Jelly_v1\Debug\link.2632.write.1.tlog
C:\ISEL\11_12SInv\CG\gitCG\CG-1112i-LI31DN-LI51DN\OpenGL\Demos\CGGL\Jelly_v1\Debug\link.2632-cvtres.read.1.tlog
C:\ISEL\11_12SInv\CG\gitCG\CG-1112i-LI31DN-LI51DN\OpenGL\Demos\CGGL\Jelly_v1\Debug\link.2632-cvtres.write.1.tlog
C:\ISEL\11_12SInv\CG\gitCG\CG-1112i-LI31DN-LI51DN\OpenGL\Demos\CGGL\Jelly_v1\Debug\link.2972.read.1.tlog
C:\ISEL\11_12SInv\CG\gitCG\CG-1112i-LI31DN-LI51DN\OpenGL\Demos\CGGL\Jelly_v1\Debug\link.2972.write.1.tlog
C:\ISEL\11_12SInv\CG\gitCG\CG-1112i-LI31DN-LI51DN\OpenGL\Demos\CGGL\Jelly_v1\Debug\link.2972-cvtres.read.1.tlog
C:\ISEL\11_12SInv\CG\gitCG\CG-1112i-LI31DN-LI51DN\OpenGL\Demos\CGGL\Jelly_v1\Debug\link.2972-cvtres.write.1.tlog
C:\ISEL\11_12SInv\CG\gitCG\CG-1112i-LI31DN-LI51DN\OpenGL\Demos\CGGL\Jelly_v1\Debug\link.3492.read.1.tlog
C:\ISEL\11_12SInv\CG\gitCG\CG-1112i-LI31DN-LI51DN\OpenGL\Demos\CGGL\Jelly_v1\Debug\link.3492.write.1.tlog
C:\ISEL\11_12SInv\CG\gitCG\CG-1112i-LI31DN-LI51DN\OpenGL\Demos\CGGL\Jelly_v1\Debug\link.3492-cvtres.read.1.tlog
C:\ISEL\11_12SInv\CG\gitCG\CG-1112i-LI31DN-LI51DN\OpenGL\Demos\CGGL\Jelly_v1\Debug\link.3492-cvtres.write.1.tlog
C:\ISEL\11_12SInv\CG\gitCG\CG-1112i-LI31DN-LI51DN\OpenGL\Demos\CGGL\Jelly_v1\Debug\link.3736.read.1.tlog
C:\ISEL\11_12SInv\CG\gitCG\CG-1112i-LI31DN-LI51DN\OpenGL\Demos\CGGL\Jelly_v1\Debug\link.3736.write.1.tlog
C:\ISEL\11_12SInv\CG\gitCG\CG-1112i-LI31DN-LI51DN\OpenGL\Demos\CGGL\Jelly_v1\Debug\link.3736-cvtres.read.1.tlog
C:\ISEL\11_12SInv\CG\gitCG\CG-1112i-LI31DN-LI51DN\OpenGL\Demos\CGGL\Jelly_v1\Debug\link.3736-cvtres.write.1.tlog
C:\ISEL\11_12SInv\CG\gitCG\CG-1112i-LI31DN-LI51DN\OpenGL\Demos\CGGL\Jelly_v1\Debug\link.4252.read.1.tlog
C:\ISEL\11_12SInv\CG\gitCG\CG-1112i-LI31DN-LI51DN\OpenGL\Demos\CGGL\Jelly_v1\Debug\link.4252.write.1.tlog
C:\ISEL\11_12SInv\CG\gitCG\CG-1112i-LI31DN-LI51DN\OpenGL\Demos\CGGL\Jelly_v1\Debug\link.4252-cvtres.read.1.tlog
C:\ISEL\11_12SInv\CG\gitCG\CG-1112i-LI31DN-LI51DN\OpenGL\Demos\CGGL\Jelly_v1\Debug\link.4252-cvtres.write.1.tlog
C:\ISEL\11_12SInv\CG\gitCG\CG-1112i-LI31DN-LI51DN\OpenGL\Demos\CGGL\Jelly_v1\Debug\link.4400.read.1.tlog
C:\ISEL\11_12SInv\CG\gitCG\CG-1112i-LI31DN-LI51DN\OpenGL\Demos\CGGL\Jelly_v1\Debug\link.4400.write.1.tlog
C:\ISEL\11_12SInv\CG\gitCG\CG-1112i-LI31DN-LI51DN\OpenGL\Demos\CGGL\Jelly_v1\Debug\link.4400-cvtres.read.1.tlog
C:\ISEL\11_12SInv\CG\gitCG\CG-1112i-LI31DN-LI51DN\OpenGL\Demos\CGGL\Jelly_v1\Debug\link.4400-cvtres.write.1.tlog
C:\ISEL\11_12SInv\CG\gitCG\CG-1112i-LI31DN-LI51DN\OpenGL\Demos\CGGL\Jelly_v1\Debug\link.4440.read.1.tlog
C:\ISEL\11_12SInv\CG\gitCG\CG-1112i-LI31DN-LI51DN\OpenGL\Demos\CGGL\Jelly_v1\Debug\link.4440.write.1.tlog
C:\ISEL\11_12SInv\CG\gitCG\CG-1112i-LI31DN-LI51DN\OpenGL\Demos\CGGL\Jelly_v1\Debug\link.4440-cvtres.read.1.tlog
C:\ISEL\11_12SInv\CG\gitCG\CG-1112i-LI31DN-LI51DN\OpenGL\Demos\CGGL\Jelly_v1\Debug\link.4440-cvtres.write.1.tlog
C:\ISEL\11_12SInv\CG\gitCG\CG-1112i-LI31DN-LI51DN\OpenGL\Demos\CGGL\Jelly_v1\Debug\link.4724.read.1.tlog
C:\ISEL\11_12SInv\CG\gitCG\CG-1112i-LI31DN-LI51DN\OpenGL\Demos\CGGL\Jelly_v1\Debug\link.4724.write.1.tlog
C:\ISEL\11_12SInv\CG\gitCG\CG-1112i-LI31DN-LI51DN\OpenGL\Demos\CGGL\Jelly_v1\Debug\link.4724-cvtres.read.1.tlog
C:\ISEL\11_12SInv\CG\gitCG\CG-1112i-LI31DN-LI51DN\OpenGL\Demos\CGGL\Jelly_v1\Debug\link.4724-cvtres.write.1.tlog
C:\ISEL\11_12SInv\CG\gitCG\CG-1112i-LI31DN-LI51DN\OpenGL\Demos\CGGL\Jelly_v1\Debug\link.4732.read.1.tlog
C:\ISEL\11_12SInv\CG\gitCG\CG-1112i-LI31DN-LI51DN\OpenGL\Demos\CGGL\Jelly_v1\Debug\link.4732.write.1.tlog
C:\ISEL\11_12SInv\CG\gitCG\CG-1112i-LI31DN-LI51DN\OpenGL\Demos\CGGL\Jelly_v1\Debug\link.4732-cvtres.read.1.tlog
C:\ISEL\11_12SInv\CG\gitCG\CG-1112i-LI31DN-LI51DN\OpenGL\Demos\CGGL\Jelly_v1\Debug\link.4732-cvtres.write.1.tlog
C:\ISEL\11_12SInv\CG\gitCG\CG-1112i-LI31DN-LI51DN\OpenGL\Demos\CGGL\Jelly_v1\Debug\link.4904.read.1.tlog
C:\ISEL\11_12SInv\CG\gitCG\CG-1112i-LI31DN-LI51DN\OpenGL\Demos\CGGL\Jelly_v1\Debug\link.4904.write.1.tlog
C:\ISEL\11_12SInv\CG\gitCG\CG-1112i-LI31DN-LI51DN\OpenGL\Demos\CGGL\Jelly_v1\Debug\link.4904-cvtres.read.1.tlog
C:\ISEL\11_12SInv\CG\gitCG\CG-1112i-LI31DN-LI51DN\OpenGL\Demos\CGGL\Jelly_v1\Debug\link.4904-cvtres.write.1.tlog
C:\ISEL\11_12SInv\CG\gitCG\CG-1112i-LI31DN-LI51DN\OpenGL\Demos\CGGL\Jelly_v1\Debug\link.5116.read.1.tlog
C:\ISEL\11_12SInv\CG\gitCG\CG-1112i-LI31DN-LI51DN\OpenGL\Demos\CGGL\Jelly_v1\Debug\link.5116.write.1.tlog
C:\ISEL\11_12SInv\CG\gitCG\CG-1112i-LI31DN-LI51DN\OpenGL\Demos\CGGL\Jelly_v1\Debug\link.5116-cvtres.read.1.tlog
C:\ISEL\11_12SInv\CG\gitCG\CG-1112i-LI31DN-LI51DN\OpenGL\Demos\CGGL\Jelly_v1\Debug\link.5116-cvtres.write.1.tlog
C:\ISEL\11_12SInv\CG\gitCG\CG-1112i-LI31DN-LI51DN\OpenGL\Demos\CGGL\Jelly_v1\Debug\link.5196.read.1.tlog
C:\ISEL\11_12SInv\CG\gitCG\CG-1112i-LI31DN-LI51DN\OpenGL\Demos\CGGL\Jelly_v1\Debug\link.5196.write.1.tlog
C:\ISEL\11_12SInv\CG\gitCG\CG-1112i-LI31DN-LI51DN\OpenGL\Demos\CGGL\Jelly_v1\Debug\link.5196-cvtres.read.1.tlog
C:\ISEL\11_12SInv\CG\gitCG\CG-1112i-LI31DN-LI51DN\OpenGL\Demos\CGGL\Jelly_v1\Debug\link.5196-cvtres.write.1.tlog
C:\ISEL\11_12SInv\CG\gitCG\CG-1112i-LI31DN-LI51DN\OpenGL\Demos\CGGL\Jelly_v1\Debug\link.5260.read.1.tlog
C:\ISEL\11_12SInv\CG\gitCG\CG-1112i-LI31DN-LI51DN\OpenGL\Demos\CGGL\Jelly_v1\Debug\link.5260.write.1.tlog
C:\ISEL\11_12SInv\CG\gitCG\CG-1112i-LI31DN-LI51DN\OpenGL\Demos\CGGL\Jelly_v1\Debug\link.5260-cvtres.read.1.tlog
C:\ISEL\11_12SInv\CG\gitCG\CG-1112i-LI31DN-LI51DN\OpenGL\Demos\CGGL\Jelly_v1\Debug\link.5260-cvtres.write.1.tlog
C:\ISEL\11_12SInv\CG\gitCG\CG-1112i-LI31DN-LI51DN\OpenGL\Demos\CGGL\Jelly_v1\Debug\link.5312.read.1.tlog
C:\ISEL\11_12SInv\CG\gitCG\CG-1112i-LI31DN-LI51DN\OpenGL\Demos\CGGL\Jelly_v1\Debug\link.5312.write.1.tlog
C:\ISEL\11_12SInv\CG\gitCG\CG-1112i-LI31DN-LI51DN\OpenGL\Demos\CGGL\Jelly_v1\Debug\link.5312-cvtres.read.1.tlog
C:\ISEL\11_12SInv\CG\gitCG\CG-1112i-LI31DN-LI51DN\OpenGL\Demos\CGGL\Jelly_v1\Debug\link.5312-cvtres.write.1.tlog
C:\ISEL\11_12SInv\CG\gitCG\CG-1112i-LI31DN-LI51DN\OpenGL\Demos\CGGL\Jelly_v1\Debug\link.5428.read.1.tlog
C:\ISEL\11_12SInv\CG\gitCG\CG-1112i-LI31DN-LI51DN\OpenGL\Demos\CGGL\Jelly_v1\Debug\link.5428.write.1.tlog
C:\ISEL\11_12SInv\CG\gitCG\CG-1112i-LI31DN-LI51DN\OpenGL\Demos\CGGL\Jelly_v1\Debug\link.5428-cvtres.read.1.tlog
C:\ISEL\11_12SInv\CG\gitCG\CG-1112i-LI31DN-LI51DN\OpenGL\Demos\CGGL\Jelly_v1\Debug\link.5428-cvtres.write.1.tlog
C:\ISEL\11_12SInv\CG\gitCG\CG-1112i-LI31DN-LI51DN\OpenGL\Demos\CGGL\Jelly_v1\Debug\link.5532.read.1.tlog
C:\ISEL\11_12SInv\CG\gitCG\CG-1112i-LI31DN-LI51DN\OpenGL\Demos\CGGL\Jelly_v1\Debug\link.5532.write.1.tlog
C:\ISEL\11_12SInv\CG\gitCG\CG-1112i-LI31DN-LI51DN\OpenGL\Demos\CGGL\Jelly_v1\Debug\link.5532-cvtres.read.1.tlog
C:\ISEL\11_12SInv\CG\gitCG\CG-1112i-LI31DN-LI51DN\OpenGL\Demos\CGGL\Jelly_v1\Debug\link.5532-cvtres.write.1.tlog
C:\ISEL\11_12SInv\CG\gitCG\CG-1112i-LI31DN-LI51DN\OpenGL\Demos\CGGL\Jelly_v1\Debug\link.5740.read.1.tlog
C:\ISEL\11_12SInv\CG\gitCG\CG-1112i-LI31DN-LI51DN\OpenGL\Demos\CGGL\Jelly_v1\Debug\link.5740.write.1.tlog
C:\ISEL\11_12SInv\CG\gitCG\CG-1112i-LI31DN-LI51DN\OpenGL\Demos\CGGL\Jelly_v1\Debug\link.5740-cvtres.read.1.tlog
C:\ISEL\11_12SInv\CG\gitCG\CG-1112i-LI31DN-LI51DN\OpenGL\Demos\CGGL\Jelly_v1\Debug\link.5740-cvtres.write.1.tlog
C:\ISEL\11_12SInv\CG\gitCG\CG-1112i-LI31DN-LI51DN\OpenGL\Demos\CGGL\Jelly_v1\Debug\link.5772.read.1.tlog
C:\ISEL\11_12SInv\CG\gitCG\CG-1112i-LI31DN-LI51DN\OpenGL\Demos\CGGL\Jelly_v1\Debug\link.5772.write.1.tlog
C:\ISEL\11_12SInv\CG\gitCG\CG-1112i-LI31DN-LI51DN\OpenGL\Demos\CGGL\Jelly_v1\Debug\link.5772-cvtres.read.1.tlog
C:\ISEL\11_12SInv\CG\gitCG\CG-1112i-LI31DN-LI51DN\OpenGL\Demos\CGGL\Jelly_v1\Debug\link.5772-cvtres.write.1.tlog
C:\ISEL\11_12SInv\CG\gitCG\CG-1112i-LI31DN-LI51DN\OpenGL\Demos\CGGL\Jelly_v1\Debug\link.5856.read.1.tlog
C:\ISEL\11_12SInv\CG\gitCG\CG-1112i-LI31DN-LI51DN\OpenGL\Demos\CGGL\Jelly_v1\Debug\link.5856.write.1.tlog
C:\ISEL\11_12SInv\CG\gitCG\CG-1112i-LI31DN-LI51DN\OpenGL\Demos\CGGL\Jelly_v1\Debug\link.5856-cvtres.read.1.tlog
C:\ISEL\11_12SInv\CG\gitCG\CG-1112i-LI31DN-LI51DN\OpenGL\Demos\CGGL\Jelly_v1\Debug\link.5856-cvtres.write.1.tlog
C:\ISEL\11_12SInv\CG\gitCG\CG-1112i-LI31DN-LI51DN\OpenGL\Demos\CGGL\Jelly_v1\Debug\link.6000.read.1.tlog
C:\ISEL\11_12SInv\CG\gitCG\CG-1112i-LI31DN-LI51DN\OpenGL\Demos\CGGL\Jelly_v1\Debug\link.6000.write.1.tlog
C:\ISEL\11_12SInv\CG\gitCG\CG-1112i-LI31DN-LI51DN\OpenGL\Demos\CGGL\Jelly_v1\Debug\link.6000-cvtres.read.1.tlog
C:\ISEL\11_12SInv\CG\gitCG\CG-1112i-LI31DN-LI51DN\OpenGL\Demos\CGGL\Jelly_v1\Debug\link.6000-cvtres.write.1.tlog
C:\ISEL\11_12SInv\CG\gitCG\CG-1112i-LI31DN-LI51DN\OpenGL\Demos\CGGL\Jelly_v1\Debug\link.6004.read.1.tlog
C:\ISEL\11_12SInv\CG\gitCG\CG-1112i-LI31DN-LI51DN\OpenGL\Demos\CGGL\Jelly_v1\Debug\link.6004.write.1.tlog
C:\ISEL\11_12SInv\CG\gitCG\CG-1112i-LI31DN-LI51DN\OpenGL\Demos\CGGL\Jelly_v1\Debug\link.6004-cvtres.read.1.tlog
C:\ISEL\11_12SInv\CG\gitCG\CG-1112i-LI31DN-LI51DN\OpenGL\Demos\CGGL\Jelly_v1\Debug\link.6004-cvtres.write.1.tlog
C:\ISEL\11_12SInv\CG\gitCG\CG-1112i-LI31DN-LI51DN\OpenGL\Demos\CGGL\Jelly_v1\Debug\link.6016.read.1.tlog
C:\ISEL\11_12SInv\CG\gitCG\CG-1112i-LI31DN-LI51DN\OpenGL\Demos\CGGL\Jelly_v1\Debug\link.6016.write.1.tlog
C:\ISEL\11_12SInv\CG\gitCG\CG-1112i-LI31DN-LI51DN\OpenGL\Demos\CGGL\Jelly_v1\Debug\link.6016-cvtres.read.1.tlog
C:\ISEL\11_12SInv\CG\gitCG\CG-1112i-LI31DN-LI51DN\OpenGL\Demos\CGGL\Jelly_v1\Debug\link.6016-cvtres.write.1.tlog
C:\ISEL\11_12SInv\CG\gitCG\CG-1112i-LI31DN-LI51DN\OpenGL\Demos\CGGL\Jelly_v1\Debug\link.6108.read.1.tlog
C:\ISEL\11_12SInv\CG\gitCG\CG-1112i-LI31DN-LI51DN\OpenGL\Demos\CGGL\Jelly_v1\Debug\link.6108.write.1.tlog
C:\ISEL\11_12SInv\CG\gitCG\CG-1112i-LI31DN-LI51DN\OpenGL\Demos\CGGL\Jelly_v1\Debug\link.6108-cvtres.read.1.tlog
C:\ISEL\11_12SInv\CG\gitCG\CG-1112i-LI31DN-LI51DN\OpenGL\Demos\CGGL\Jelly_v1\Debug\link.6108-cvtres.write.1.tlog
C:\ISEL\11_12SInv\CG\gitCG\CG-1112i-LI31DN-LI51DN\OpenGL\Demos\CGGL\Jelly_v1\Debug\link.6172.read.1.tlog
C:\ISEL\11_12SInv\CG\gitCG\CG-1112i-LI31DN-LI51DN\OpenGL\Demos\CGGL\Jelly_v1\Debug\link.6172.write.1.tlog
C:\ISEL\11_12SInv\CG\gitCG\CG-1112i-LI31DN-LI51DN\OpenGL\Demos\CGGL\Jelly_v1\Debug\link.6172-cvtres.read.1.tlog
C:\ISEL\11_12SInv\CG\gitCG\CG-1112i-LI31DN-LI51DN\OpenGL\Demos\CGGL\Jelly_v1\Debug\link.6172-cvtres.write.1.tlog
C:\ISEL\11_12SInv\CG\gitCG\CG-1112i-LI31DN-LI51DN\OpenGL\Demos\CGGL\Jelly_v1\Debug\link.6592.read.1.tlog
C:\ISEL\11_12SInv\CG\gitCG\CG-1112i-LI31DN-LI51DN\OpenGL\Demos\CGGL\Jelly_v1\Debug\link.6592.write.1.tlog
C:\ISEL\11_12SInv\CG\gitCG\CG-1112i-LI31DN-LI51DN\OpenGL\Demos\CGGL\Jelly_v1\Debug\link.6592-cvtres.read.1.tlog
C:\ISEL\11_12SInv\CG\gitCG\CG-1112i-LI31DN-LI51DN\OpenGL\Demos\CGGL\Jelly_v1\Debug\link.6592-cvtres.write.1.tlog
C:\ISEL\11_12SInv\CG\gitCG\CG-1112i-LI31DN-LI51DN\OpenGL\Demos\CGGL\Jelly_v1\Debug\link.6876.read.1.tlog
C:\ISEL\11_12SInv\CG\gitCG\CG-1112i-LI31DN-LI51DN\OpenGL\Demos\CGGL\Jelly_v1\Debug\link.6876.write.1.tlog
C:\ISEL\11_12SInv\CG\gitCG\CG-1112i-LI31DN-LI51DN\OpenGL\Demos\CGGL\Jelly_v1\Debug\link.6876-cvtres.read.1.tlog
C:\ISEL\11_12SInv\CG\gitCG\CG-1112i-LI31DN-LI51DN\OpenGL\Demos\CGGL\Jelly_v1\Debug\link.6876-cvtres.write.1.tlog
C:\ISEL\11_12SInv\CG\gitCG\CG-1112i-LI31DN-LI51DN\OpenGL\Demos\CGGL\Jelly_v1\Debug\link.7548.read.1.tlog
C:\ISEL\11_12SInv\CG\gitCG\CG-1112i-LI31DN-LI51DN\OpenGL\Demos\CGGL\Jelly_v1\Debug\link.7548.write.1.tlog
C:\ISEL\11_12SInv\CG\gitCG\CG-1112i-LI31DN-LI51DN\OpenGL\Demos\CGGL\Jelly_v1\Debug\link.7548-cvtres.read.1.tlog
C:\ISEL\11_12SInv\CG\gitCG\CG-1112i-LI31DN-LI51DN\OpenGL\Demos\CGGL\Jelly_v1\Debug\link.7548-cvtres.write.1.tlog
C:\ISEL\11_12SInv\CG\gitCG\CG-1112i-LI31DN-LI51DN\OpenGL\Demos\CGGL\Jelly_v1\Debug\link.7560.read.1.tlog
C:\ISEL\11_12SInv\CG\gitCG\CG-1112i-LI31DN-LI51DN\OpenGL\Demos\CGGL\Jelly_v1\Debug\link.7560.write.1.tlog
C:\ISEL\11_12SInv\CG\gitCG\CG-1112i-LI31DN-LI51DN\OpenGL\Demos\CGGL\Jelly_v1\Debug\link.7560-cvtres.read.1.tlog
C:\ISEL\11_12SInv\CG\gitCG\CG-1112i-LI31DN-LI51DN\OpenGL\Demos\CGGL\Jelly_v1\Debug\link.7560-cvtres.write.1.tlog
C:\ISEL\11_12SInv\CG\gitCG\CG-1112i-LI31DN-LI51DN\OpenGL\Demos\CGGL\Jelly_v1\Debug\link.7612.read.1.tlog
C:\ISEL\11_12SInv\CG\gitCG\CG-1112i-LI31DN-LI51DN\OpenGL\Demos\CGGL\Jelly_v1\Debug\link.7612.write.1.tlog
C:\ISEL\11_12SInv\CG\gitCG\CG-1112i-LI31DN-LI51DN\OpenGL\Demos\CGGL\Jelly_v1\Debug\link.7612-cvtres.read.1.tlog
C:\ISEL\11_12SInv\CG\gitCG\CG-1112i-LI31DN-LI51DN\OpenGL\Demos\CGGL\Jelly_v1\Debug\link.7612-cvtres.write.1.tlog
C:\ISEL\11_12SInv\CG\gitCG\CG-1112i-LI31DN-LI51DN\OpenGL\Demos\CGGL\Jelly_v1\Debug\link.7708.read.1.tlog
C:\ISEL\11_12SInv\CG\gitCG\CG-1112i-LI31DN-LI51DN\OpenGL\Demos\CGGL\Jelly_v1\Debug\link.7708.write.1.tlog
C:\ISEL\11_12SInv\CG\gitCG\CG-1112i-LI31DN-LI51DN\OpenGL\Demos\CGGL\Jelly_v1\Debug\link.7708-cvtres.read.1.tlog
C:\ISEL\11_12SInv\CG\gitCG\CG-1112i-LI31DN-LI51DN\OpenGL\Demos\CGGL\Jelly_v1\Debug\link.7708-cvtres.write.1.tlog
C:\ISEL\11_12SInv\CG\gitCG\CG-1112i-LI31DN-LI51DN\OpenGL\Demos\CGGL\Jelly_v1\Debug\link.8176.read.1.tlog
C:\ISEL\11_12SInv\CG\gitCG\CG-1112i-LI31DN-LI51DN\OpenGL\Demos\CGGL\Jelly_v1\Debug\link.8176.write.1.tlog
C:\ISEL\11_12SInv\CG\gitCG\CG-1112i-LI31DN-LI51DN\OpenGL\Demos\CGGL\Jelly_v1\Debug\link.8176-cvtres.read.1.tlog
C:\ISEL\11_12SInv\CG\gitCG\CG-1112i-LI31DN-LI51DN\OpenGL\Demos\CGGL\Jelly_v1\Debug\link.8176-cvtres.write.1.tlog
C:\ISEL\11_12SInv\CG\gitCG\CG-1112i-LI31DN-LI51DN\OpenGL\Demos\CGGL\Jelly_v1\Debug\link.844.read.1.tlog
C:\ISEL\11_12SInv\CG\gitCG\CG-1112i-LI31DN-LI51DN\OpenGL\Demos\CGGL\Jelly_v1\Debug\link.844.write.1.tlog
C:\ISEL\11_12SInv\CG\gitCG\CG-1112i-LI31DN-LI51DN\OpenGL\Demos\CGGL\Jelly_v1\Debug\link.844-cvtres.read.1.tlog
C:\ISEL\11_12SInv\CG\gitCG\CG-1112i-LI31DN-LI51DN\OpenGL\Demos\CGGL\Jelly_v1\Debug\link.844-cvtres.write.1.tlog
C:\ISEL\11_12SInv\CG\gitCG\CG-1112i-LI31DN-LI51DN\OpenGL\Demos\CGGL\Jelly_v1\Debug\link.8764.read.1.tlog
C:\ISEL\11_12SInv\CG\gitCG\CG-1112i-LI31DN-LI51DN\OpenGL\Demos\CGGL\Jelly_v1\Debug\link.8764.write.1.tlog
C:\ISEL\11_12SInv\CG\gitCG\CG-1112i-LI31DN-LI51DN\OpenGL\Demos\CGGL\Jelly_v1\Debug\link.8764-cvtres.read.1.tlog
C:\ISEL\11_12SInv\CG\gitCG\CG-1112i-LI31DN-LI51DN\OpenGL\Demos\CGGL\Jelly_v1\Debug\link.8764-cvtres.write.1.tlog
C:\ISEL\11_12SInv\CG\gitCG\CG-1112i-LI31DN-LI51DN\OpenGL\Demos\CGGL\Jelly_v1\Debug\link.8964.read.1.tlog
C:\ISEL\11_12SInv\CG\gitCG\CG-1112i-LI31DN-LI51DN\OpenGL\Demos\CGGL\Jelly_v1\Debug\link.8964.write.1.tlog
C:\ISEL\11_12SInv\CG\gitCG\CG-1112i-LI31DN-LI51DN\OpenGL\Demos\CGGL\Jelly_v1\Debug\link.8964-cvtres.read.1.tlog
C:\ISEL\11_12SInv\CG\gitCG\CG-1112i-LI31DN-LI51DN\OpenGL\Demos\CGGL\Jelly_v1\Debug\link.8964-cvtres.write.1.tlog
C:\ISEL\11_12SInv\CG\gitCG\CG-1112i-LI31DN-LI51DN\OpenGL\Demos\CGGL\Jelly_v1\Debug\link.9344.read.1.tlog
C:\ISEL\11_12SInv\CG\gitCG\CG-1112i-LI31DN-LI51DN\OpenGL\Demos\CGGL\Jelly_v1\Debug\link.9344.write.1.tlog
C:\ISEL\11_12SInv\CG\gitCG\CG-1112i-LI31DN-LI51DN\OpenGL\Demos\CGGL\Jelly_v1\Debug\link.9344-cvtres.read.1.tlog
C:\ISEL\11_12SInv\CG\gitCG\CG-1112i-LI31DN-LI51DN\OpenGL\Demos\CGGL\Jelly_v1\Debug\link.9344-cvtres.write.1.tlog
C:\ISEL\11_12SInv\CG\gitCG\CG-1112i-LI31DN-LI51DN\OpenGL\Demos\CGGL\Jelly_v1\Debug\link.9480.read.1.tlog
C:\ISEL\11_12SInv\CG\gitCG\CG-1112i-LI31DN-LI51DN\OpenGL\Demos\CGGL\Jelly_v1\Debug\link.9480.write.1.tlog
C:\ISEL\11_12SInv\CG\gitCG\CG-1112i-LI31DN-LI51DN\OpenGL\Demos\CGGL\Jelly_v1\Debug\link.9480-cvtres.read.1.tlog
C:\ISEL\11_12SInv\CG\gitCG\CG-1112i-LI31DN-LI51DN\OpenGL\Demos\CGGL\Jelly_v1\Debug\link.9480-cvtres.write.1.tlog
C:\ISEL\11_12SInv\CG\gitCG\CG-1112i-LI31DN-LI51DN\OpenGL\Demos\CGGL\Jelly_v1\Debug\link.9552.read.1.tlog
C:\ISEL\11_12SInv\CG\gitCG\CG-1112i-LI31DN-LI51DN\OpenGL\Demos\CGGL\Jelly_v1\Debug\link.9552.write.1.tlog
C:\ISEL\11_12SInv\CG\gitCG\CG-1112i-LI31DN-LI51DN\OpenGL\Demos\CGGL\Jelly_v1\Debug\link.9552-cvtres.read.1.tlog
C:\ISEL\11_12SInv\CG\gitCG\CG-1112i-LI31DN-LI51DN\OpenGL\Demos\CGGL\Jelly_v1\Debug\link.9552-cvtres.write.1.tlog
C:\ISEL\11_12SInv\CG\gitCG\CG-1112i-LI31DN-LI51DN\OpenGL\Demos\CGGL\Jelly_v1\Debug\link.9776.read.1.tlog
C:\ISEL\11_12SInv\CG\gitCG\CG-1112i-LI31DN-LI51DN\OpenGL\Demos\CGGL\Jelly_v1\Debug\link.9776.write.1.tlog
C:\ISEL\11_12SInv\CG\gitCG\CG-1112i-LI31DN-LI51DN\OpenGL\Demos\CGGL\Jelly_v1\Debug\link.9776-cvtres.read.1.tlog
C:\ISEL\11_12SInv\CG\gitCG\CG-1112i-LI31DN-LI51DN\OpenGL\Demos\CGGL\Jelly_v1\Debug\link.9776-cvtres.write.1.tlog
C:\ISEL\11_12SInv\CG\gitCG\CG-1112i-LI31DN-LI51DN\OpenGL\Demos\CGGL\Jelly_v1\Debug\link.command.1.tlog
C:\ISEL\11_12SInv\CG\gitCG\CG-1112i-LI31DN-LI51DN\OpenGL\Demos\CGGL\Jelly_v1\Debug\link.read.1.tlog
C:\ISEL\11_12SInv\CG\gitCG\CG-1112i-LI31DN-LI51DN\OpenGL\Demos\CGGL\Jelly_v1\Debug\link.write.1.tlog
C:\ISEL\11_12SInv\CG\gitCG\CG-1112i-LI31DN-LI51DN\OpenGL\Demos\CGGL\Jelly_v1\Debug\link-cvtres.read.1.tlog
C:\ISEL\11_12SInv\CG\gitCG\CG-1112i-LI31DN-LI51DN\OpenGL\Demos\CGGL\Jelly_v1\Debug\link-cvtres.write.1.tlog
C:\ISEL\11_12SInv\CG\gitCG\CG-1112i-LI31DN-LI51DN\OpenGL\Demos\CGGL\Jelly_v1\Debug\mt.command.1.tlog
C:\ISEL\11_12SInv\CG\gitCG\CG-1112i-LI31DN-LI51DN\OpenGL\Demos\CGGL\Jelly_v1\Debug\mt.read.1.tlog
C:\ISEL\11_12SInv\CG\gitCG\CG-1112i-LI31DN-LI51DN\OpenGL\Demos\CGGL\Jelly_v1\Debug\mt.write.1.tlog
C:\ISEL\11_12SINV\CG\GITCG\CG-1112I-LI31DN-LI51DN\OPENGL\DEMOS\CGGL\JELLY_V1\DEBUG\NET.OBJ
C:\ISEL\11_12SInv\CG\gitCG\CG-1112i-LI31DN-LI51DN\OpenGL\Demos\CGGL\Jelly_v1\Debug\rc.command.1.tlog
C:\ISEL\11_12SInv\CG\gitCG\CG-1112i-LI31DN-LI51DN\OpenGL\Demos\CGGL\Jelly_v1\Debug\rc.read.1.tlog
C:\ISEL\11_12SInv\CG\gitCG\CG-1112i-LI31DN-LI51DN\OpenGL\Demos\CGGL\Jelly_v1\Debug\rc.write.1.tlog
C:\ISEL\11_12SINV\CG\GITCG\CG-1112I-LI31DN-LI51DN\OPENGL\DEMOS\CGGL\JELLY_V1\DEBUG\SIMPLEPLAN.OBJ
C:\ISEL\11_12SInv\CG\gitCG\CG-1112i-LI31DN-LI51DN\OpenGL\Demos\CGGL\Jelly_v1\Debug\vc100.idb
C:\ISEL\11_12SINV\CG\GITCG\CG-1112I-LI31DN-LI51DN\OPENGL\DEMOS\CGGL\JELLY_V1\DEBUG\VC100.PDB
C:\ISEL\11_12SINV\CG\GITCG\CG-1112I-LI31DN-LI51DN\OPENGL\DEMOS\DEBUG\JELLY_V1.EXE
C:\ISEL\11_12SINV\CG\GITCG\CG-1112I-LI31DN-LI51DN\OPENGL\DEMOS\DEBUG\JELLY_V1.ILK
C:\ISEL\11_12SINV\CG\GITCG\CG-1112I-LI31DN-LI51DN\OPENGL\DEMOS\DEBUG\JELLY_V1.PDB
