Build started 1/22/2012 9:03:44 PM.
     1>Project "C:\ISEL\My Dropbox\CG\3ºtrabalho\Jelly_v1\Jelly_v1.vcxproj" on node 2 (build target(s)).
     1>InitializeBuildStatus:
         Touching "Debug\Jelly_v1.unsuccessfulbuild".
       ClCompile:
         c:\Program Files (x86)\Microsoft Visual Studio 10.0\VC\bin\CL.exe /c /I"C:\ISEL\My Dropbox\CG\3ºtrabalho\Jelly_v1\dependencies\include" /ZI /nologo /W3 /WX- /Od /Oy- /D WIN32 /D _DEBUG /D _CONSOLE /D _UNICODE /D UNICODE /D _CRT_SECURE_NO_WARNINGS /Gm /EHsc /RTC1 /MDd /GS /fp:precise /Zc:wchar_t /Zc:forScope /Fo"Debug\\" /Fd"Debug\vc100.pdb" /Gd /TP /analyze- /errorReport:prompt Ball.cpp Jelly.cpp JellyApp.cpp Net.cpp SimplePlan.cpp
         SimplePlan.cpp
     1>c:\isel\my dropbox\cg\3ºtrabalho\jelly_v1\simpleplan.cpp(1): fatal error C1083: Cannot open include file: 'cggl/App.h': No such file or directory
         Net.cpp
     1>c:\isel\my dropbox\cg\3ºtrabalho\jelly_v1\net.h(5): fatal error C1083: Cannot open include file: 'cggl/App.h': No such file or directory
         JellyApp.cpp
     1>c:\isel\my dropbox\cg\3ºtrabalho\jelly_v1\jellyapp.cpp(2): fatal error C1083: Cannot open include file: 'cggl/App.h': No such file or directory
         Jelly.cpp
     1>c:\isel\my dropbox\cg\3ºtrabalho\jelly_v1\jelly.h(5): fatal error C1083: Cannot open include file: 'cggl/App.h': No such file or directory
         Ball.cpp
     1>c:\isel\my dropbox\cg\3ºtrabalho\jelly_v1\ball.h(5): fatal error C1083: Cannot open include file: 'cggl/App.h': No such file or directory
         Generating Code...
     1>Done Building Project "C:\ISEL\My Dropbox\CG\3ºtrabalho\Jelly_v1\Jelly_v1.vcxproj" (build target(s)) -- FAILED.

Build FAILED.

Time Elapsed 00:00:00.81
